Performing C SOURCE FILE Test CMAKE_HAVE_LIBC_PTHREAD failed with the following output:
Change Dir: /usr/local/src/asymptote-2.78/LspCpp/CMakeFiles/CMakeTmp

Run Build Command(s):/bin/gmake -f Makefile cmTC_07410/fast && gmake[1]: Entering directory '/u/src/asymptote-2.78/LspCpp/CMakeFiles/CMakeTmp'
make  -f CMakeFiles/cmTC_07410.dir/build.make CMakeFiles/cmTC_07410.dir/build
make[2]: Entering directory '/u/src/asymptote-2.78/LspCpp/CMakeFiles/CMakeTmp'
Building C object CMakeFiles/cmTC_07410.dir/src.c.o
/bin/cc -DCMAKE_HAVE_LIBC_PTHREAD   -o CMakeFiles/cmTC_07410.dir/src.c.o -c /usr/local/src/asymptote-2.78/LspCpp/CMakeFiles/CMakeTmp/src.c
Linking C executable cmTC_07410
/usr/bin/cmake -E cmake_link_script CMakeFiles/cmTC_07410.dir/link.txt --verbose=1
/bin/cc CMakeFiles/cmTC_07410.dir/src.c.o -o cmTC_07410 
/bin/ld: CMakeFiles/cmTC_07410.dir/src.c.o: in function `main':
src.c:(.text+0x2d): undefined reference to `pthread_create'
/bin/ld: src.c:(.text+0x39): undefined reference to `pthread_detach'
/bin/ld: src.c:(.text+0x45): undefined reference to `pthread_cancel'
/bin/ld: src.c:(.text+0x56): undefined reference to `pthread_join'
collect2: error: ld returned 1 exit status
make[2]: *** [CMakeFiles/cmTC_07410.dir/build.make:99: cmTC_07410] Error 1
make[2]: Leaving directory '/u/src/asymptote-2.78/LspCpp/CMakeFiles/CMakeTmp'
gmake[1]: *** [Makefile:127: cmTC_07410/fast] Error 2
gmake[1]: Leaving directory '/u/src/asymptote-2.78/LspCpp/CMakeFiles/CMakeTmp'


Source file was:
#include <pthread.h>

static void* test_func(void* data)
{
  return data;
}

int main(void)
{
  pthread_t thread;
  pthread_create(&thread, NULL, test_func, NULL);
  pthread_detach(thread);
  pthread_cancel(thread);
  pthread_join(thread, NULL);
  pthread_atfork(NULL, NULL, NULL);
  pthread_exit(NULL);

  return 0;
}

Determining if the function pthread_create exists in the pthreads failed with the following output:
Change Dir: /usr/local/src/asymptote-2.78/LspCpp/CMakeFiles/CMakeTmp

Run Build Command(s):/bin/gmake -f Makefile cmTC_eda34/fast && gmake[1]: Entering directory '/u/src/asymptote-2.78/LspCpp/CMakeFiles/CMakeTmp'
make  -f CMakeFiles/cmTC_eda34.dir/build.make CMakeFiles/cmTC_eda34.dir/build
make[2]: Entering directory '/u/src/asymptote-2.78/LspCpp/CMakeFiles/CMakeTmp'
Building C object CMakeFiles/cmTC_eda34.dir/CheckFunctionExists.c.o
/bin/cc   -DCHECK_FUNCTION_EXISTS=pthread_create -o CMakeFiles/cmTC_eda34.dir/CheckFunctionExists.c.o -c /usr/share/cmake/Modules/CheckFunctionExists.c
Linking C executable cmTC_eda34
/usr/bin/cmake -E cmake_link_script CMakeFiles/cmTC_eda34.dir/link.txt --verbose=1
/bin/cc  -DCHECK_FUNCTION_EXISTS=pthread_create CMakeFiles/cmTC_eda34.dir/CheckFunctionExists.c.o -o cmTC_eda34  -lpthreads 
/bin/ld: cannot find -lpthreads
collect2: error: ld returned 1 exit status
make[2]: *** [CMakeFiles/cmTC_eda34.dir/build.make:99: cmTC_eda34] Error 1
make[2]: Leaving directory '/u/src/asymptote-2.78/LspCpp/CMakeFiles/CMakeTmp'
gmake[1]: *** [Makefile:127: cmTC_eda34/fast] Error 2
gmake[1]: Leaving directory '/u/src/asymptote-2.78/LspCpp/CMakeFiles/CMakeTmp'



