This is TeX, Version 3.1415926 (TeX Live 2012) (format=tex 2012.8.10)  10 OCT 2012 11:38
**asyRefCard
(./asyRefCard.tex
\columnsperpage=\count26
\intercolumnskip=\dimen16
\columna=\box16
\columnb=\box17
 [2 columns per page]
\keyindent=\dimen17
\metaxbox=\box18
\metaxwidth=\dimen18

Overfull \hbox (16.74583pt too wide) detected at line 284
[]\eighttt typedef [] [][] 

\hbox(5.55556+1.77777)x231.26378
.\vbox(5.55556+1.55556)x173.44783
..\hbox(5.55556+1.55556)x173.44783, glue set 69.78662fil
...\hbox(0.0+0.0)x0.0
...\glue 0.0
...\eightrm c
...\eightrm r
...\eightrm e
...etc.
.\eighttt t
.\eighttt y
.\eighttt p
.\eighttt e
.etc.


Overfull \hbox (10.18503pt too wide) detected at line 299
[]\eighttt \0-\377 \x0-\xFF[] 

\hbox(5.55556+1.55556)x231.26378
.\vbox(5.55556+1.55556)x173.44783
..\hbox(5.55556+1.55556)x173.44783, glue set 33.99165fil
...\hbox(0.0+0.0)x0.0
...\glue 0.0
...\eightrm C
...\glue 2.83337 plus 1.41527 minus 0.94539
...\eightrm s
...etc.
.\eighttt \
.\eighttt 0
.\eighttt -
.\eighttt \
.etc.


Overfull \hbox (5.93497pt too wide) detected at line 304
[]\eighttt == != > >= < <=[] 

\hbox(5.36508+1.55556)x231.26378
.\vbox(5.36508+1.55556)x173.44783
..\hbox(5.36508+1.55556)x173.44783, glue set 119.51233fil
...\hbox(0.0+0.0)x0.0
...\glue 0.0
...\eightrm c
...\eightrm o
...\eightrm m
...etc.
.\eighttt =
.\eighttt =
.\glue 4.25006
.\eighttt !
.etc.


Overfull \hbox (1.6849pt too wide) detected at line 310
[]\eighttt += -= *= /= %=[] 

\hbox(5.55556+1.55556)x231.26378
.\vbox(5.36508+1.55556)x173.44783
..\hbox(5.36508+1.55556)x173.44783, glue set 86.40213fil
...\hbox(0.0+0.0)x0.0
...\glue 0.0
...\eightrm a
...\eightrm s
...\eightrm s
...etc.
.\eighttt +
.\eighttt =
.\glue 4.25006
.\eighttt -
.etc.


Overfull \hbox (31.48051pt too wide) detected at line 311
[][]$[]$ \eighttt ? []$[]$ : []$[]$[] 

\hbox(5.55556+1.75555)x231.26378
.\vbox(5.55556+1.55556)x173.44783
..\hbox(5.55556+1.55556)x173.44783, glue set 82.91458fil
...\hbox(0.0+0.0)x0.0
...\glue 0.0
...\eightrm c
...\eightrm o
...\eightrm n
...etc.
.\hbox(3.44444+1.55556)x16.77924
..\eightit e
..\eightit x
..\eightit p
..\eightit r
..\kern 0.86111
.\mathon
.\hbox(4.51111+0.0)x4.48613, shifted 1.75555
..\sevenrm 1
.\mathoff
.etc.


Overfull \hbox (1.6849pt too wide) detected at line 324
[]\eighttt abort(string);[] 

\hbox(5.55556+1.77777)x231.26378
.\vbox(5.55556+1.55556)x173.44783
..\hbox(5.55556+1.55556)x173.44783, glue set 34.01805fil
...\hbox(0.0+0.0)x0.0
...\glue 0.0
...\eightrm a
...\eightrm b
...\kern0.23611
...etc.
.\eighttt a
.\eighttt b
.\eighttt o
.\eighttt r
.etc.


Overfull \hbox (5.4736pt too wide) detected at line 358
[][]\eighttt .append(a)[] 

\hbox(5.55556+1.77777)x231.26378
.\vbox(5.55556+1.55556)x173.44783
..\hbox(5.55556+1.55556)x173.44783, glue set 108.50246fil
...\hbox(0.0+0.0)x0.0
...\glue 0.0
...\eightrm a
...\eightrm p
...\eightrm p
...etc.
.\hbox(3.44444+0.0)x20.78894
..\eightit n
..\eightit a
..\eightit m
..\eightit e
..\kern 0.6
.\eighttt .
.\eighttt a
.\eighttt p
.etc.


Overfull \hbox (21.05716pt too wide) detected at line 359
[][]\eighttt .insert(i,$[] $)[] 

\hbox(5.55556+1.55556)x231.26378
.\vbox(5.55556+1.55556)x173.44783
..\hbox(5.55556+1.55556)x173.44783, glue set 45.7835fil
...\hbox(0.0+0.0)x0.0
...\glue 0.0
...\eightrm i
...\eightrm n
...\eightrm s
...etc.
.\hbox(3.44444+0.0)x20.78894
..\eightit n
..\eightit a
..\eightit m
..\eightit e
..\kern 0.6
.\eighttt .
.\eighttt i
.\eighttt n
.etc.


Overfull \hbox (5.4736pt too wide) detected at line 360
[][]\eighttt .delete(i)[] 

\hbox(5.55556+0.66666)x231.26378
.\vbox(5.55556+0.0)x173.44783
..\hbox(5.55556+0.0)x173.44783, glue set 71.44637fil
...\hbox(0.0+0.0)x0.0
...\glue 0.0
...\eightrm d
...\eightrm e
...\eightrm l
...etc.
.\hbox(3.44444+0.0)x20.78894
..\eightit n
..\eightit a
..\eightit m
..\eightit e
..\kern 0.6
.\eighttt .
.\eighttt d
.\eighttt e
.etc.


Overfull \hbox (13.97372pt too wide) detected at line 361
[][]\eighttt .delete(i,j)[] 

\hbox(6.0+2.0)x231.26378
.\vbox(6.0+2.0)x173.44783
..\hbox(6.0+2.0)x173.44783, glue set 32.86525fil
...\hbox(0.0+0.0)x0.0
...\glue 0.0
...\eightrm d
...\eightrm e
...\eightrm l
...etc.
.\hbox(3.44444+0.0)x20.78894
..\eightit n
..\eightit a
..\eightit m
..\eightit e
..\kern 0.6
.\eighttt .
.\eighttt d
.\eighttt e
.etc.


Overfull \hbox (1.22354pt too wide) detected at line 362
[][]\eighttt .delete()[] 

\hbox(5.55556+0.66666)x231.26378
.\vbox(5.55556+0.0)x173.44783
..\hbox(5.55556+0.0)x173.44783, glue set 96.66339fil
...\hbox(0.0+0.0)x0.0
...\glue 0.0
...\eightrm d
...\eightrm e
...\eightrm l
...etc.
.\hbox(3.44444+0.0)x20.78894
..\eightit n
..\eightit a
..\eightit m
..\eightit e
..\kern 0.6
.\eighttt .
.\eighttt d
.\eighttt e
.etc.


Overfull \hbox (26.7239pt too wide) detected at line 363
[][]\eighttt .initialized(n)[] 

\hbox(5.55556+0.66666)x231.26378
.\vbox(5.55556+0.0)x173.44783
..\hbox(5.55556+0.0)x173.44783, glue set 31.91385fil
...\hbox(0.0+0.0)x0.0
...\glue 0.0
...\eightrm t
...\eightrm e
...\eightrm s
...etc.
.\hbox(3.44444+0.0)x20.78894
..\eightit n
..\eightit a
..\eightit m
..\eightit e
..\kern 0.6
.\eighttt .
.\eighttt i
.\eighttt n
.etc.


Overfull \hbox (5.93497pt too wide) detected at line 365
[]\eighttt complement(a,n)[] 

\hbox(5.55556+1.77777)x231.26378
.\vbox(5.55556+1.55556)x173.44783
..\hbox(5.55556+1.55556)x173.44783, glue set 17.36226fil
...\hbox(0.0+0.0)x0.0
...\glue 0.0
...\eightrm c
...\eightrm o
...\eightrm m
...etc.
.\eighttt c
.\eighttt o
.\eighttt m
.\eighttt p
.etc.


Overfull \hbox (1.6849pt too wide) detected at line 372
[]\eighttt uniform(a,b,n)[] 

\hbox(6.0+2.0)x231.26378
.\vbox(6.0+2.0)x173.44783
..\hbox(6.0+2.0)x173.44783, glue set 13.53026fil
...\hbox(0.0+0.0)x0.0
...\glue 0.0
...\eightrm u
...\eightrm n
...\eightrm i
...etc.
.\eighttt u
.\eighttt n
.\eighttt i
.\eighttt f
.etc.


Overfull \hbox (4.51828pt too wide) detected at line 373
[]\eighttt concat(a,b,$[] $)[] 

\hbox(5.55556+1.55556)x231.26378
.\vbox(5.55556+1.55556)x173.44783
..\hbox(5.55556+1.55556)x173.44783, glue set 67.4463fil
...\hbox(0.0+0.0)x0.0
...\glue 0.0
...\eightrm c
...\eightrm o
...\eightrm n
...etc.
.\eighttt c
.\eighttt o
.\eighttt n
.\eighttt c
.etc.

[1]
Overfull \hbox (10.93721pt too wide) detected at line 381
[][] []\eighttt =[];[] 

\hbox(5.55556+1.55556)x231.26378
.\vbox(5.55556+0.0)x173.44783
..\hbox(5.55556+0.0)x173.44783, glue set 101.42596fil
...\hbox(0.0+0.0)x0.0
...\glue 0.0
...\eightrm i
...\eightrm n
...\eightrm i
...etc.
.\hbox(4.92064+1.55556)x15.5223
..\eightit t
..\eightit y
..\eightit p
..\kern-0.43889
..\eightit e
..etc.
.\glue 4.25006
.\hbox(3.44444+0.0)x20.78894
..\eightit n
..\eightit a
..\eightit m
..\eightit e
..\kern 0.6
.\eighttt =
.etc.


Overfull \hbox (19.57921pt too wide) detected at line 382
[][]\eighttt [] []={$[] $};[] 

\hbox(5.55556+1.55556)x231.26378
.\vbox(5.55556+1.55556)x173.44783
..\hbox(5.55556+1.55556)x173.44783, glue set 111.09972fil
...\hbox(0.0+0.0)x0.0
...\glue 0.0
...\eightrm i
...\eightrm n
...\eightrm i
...etc.
.\hbox(4.92064+1.55556)x15.5223
..\eightit t
..\eightit y
..\eightit p
..\kern-0.43889
..\eightit e
..etc.
.\eighttt [
.\eighttt ]
.\glue 4.25006
.etc.


Overfull \hbox (35.6854pt too wide) detected at line 387
[]\eighttt ..controls c0 and c1..[] 

\hbox(5.55556+1.55556)x231.26378
.\vbox(5.55556+1.55556)x173.44783
..\hbox(5.55556+1.55556)x173.44783, glue set 5.5843fil
...\hbox(0.0+0.0)x0.0
...\glue 0.0
...\eightrm B
...\eightrm e
...\eightrm z
...etc.
.\eighttt .
.\eighttt .
.\eighttt c
.\eighttt o
.etc.


Overfull \hbox (18.68515pt too wide) detected at line 395
[]\eighttt Label(s,real,pair)[] 

\hbox(5.55556+1.77777)x231.26378
.\vbox(5.55556+1.55556)x173.44783
..\hbox(5.55556+1.55556)x173.44783, glue set - 0.12999
...\hbox(0.0+0.0)x0.0
...\glue 0.0
...\eightrm L
...\eightrm a
...\eightrm b
...etc.
.\eighttt L
.\eighttt a
.\eighttt b
.\eighttt e
.etc.


Overfull \hbox (18.68515pt too wide) detected at line 396
[]\eighttt Label(s,pair,pair)[] 

\hbox(5.55556+1.77777)x231.26378
.\vbox(5.55556+1.55556)x173.44783
..\hbox(5.55556+1.55556)x173.44783, glue set - 0.72043
...\hbox(0.0+0.0)x0.0
...\glue 0.0
...\eightrm L
...\eightrm a
...\eightrm b
...etc.
.\eighttt L
.\eighttt a
.\eighttt b
.\eighttt e
.etc.


Overfull \hbox (1.6849pt too wide) detected at line 401
[]\eighttt draw(path,pen)[] 

\hbox(5.55556+1.77777)x231.26378
.\vbox(5.55556+1.55556)x173.44783
..\hbox(5.55556+1.55556)x173.44783, glue set 91.27304fil
...\hbox(0.0+0.0)x0.0
...\glue 0.0
...\eightrm d
...\eightrm r
...\eightrm a
...etc.
.\eighttt d
.\eighttt r
.\eighttt a
.\eighttt w
.etc.


Overfull \hbox (10.18503pt too wide) detected at line 402
[]\eighttt draw(Label,path)[] 

\hbox(5.55556+1.77777)x231.26378
.\vbox(5.55556+1.55556)x173.44783
..\hbox(5.55556+1.55556)x173.44783, glue set 97.88425fil
...\hbox(0.0+0.0)x0.0
...\glue 0.0
...\eightrm d
...\eightrm r
...\eightrm a
...etc.
.\eighttt d
.\eighttt r
.\eighttt a
.\eighttt w
.etc.


Overfull \hbox (27.18527pt too wide) detected at line 403
[]\eighttt draw(path,pen,Arrow)[] 

\hbox(5.55556+1.77777)x231.26378
.\vbox(5.55556+1.55556)x173.44783
..\hbox(5.55556+1.55556)x173.44783, glue set 87.24521fil
...\hbox(0.0+0.0)x0.0
...\glue 0.0
...\eightrm d
...\eightrm r
...\eightrm a
...etc.
.\eighttt d
.\eighttt r
.\eighttt a
.\eighttt w
.etc.


Overfull \hbox (18.68515pt too wide) detected at line 404
[]\eighttt draw(picture,path)[] 

\hbox(5.55556+1.77777)x231.26378
.\vbox(5.55556+1.55556)x173.44783
..\hbox(5.55556+1.55556)x173.44783, glue set 86.3077fil
...\hbox(0.0+0.0)x0.0
...\glue 0.0
...\eightrm d
...\eightrm r
...\eightrm a
...etc.
.\eighttt d
.\eighttt r
.\eighttt a
.\eighttt w
.etc.


Overfull \hbox (1.6849pt too wide) detected at line 408
[]\eighttt fill(path,pen)[] 

\hbox(5.55556+1.77777)x231.26378
.\vbox(5.55556+1.55556)x173.44783
..\hbox(5.55556+1.55556)x173.44783, glue set 100.01622fil
...\hbox(0.0+0.0)x0.0
...\glue 0.0
...\eightrm ^^L (ligature fi)
...\eightrm l
...\eightrm l
...etc.
.\eighttt f
.\eighttt i
.\eighttt l
.\eighttt l
.etc.


Overfull \hbox (18.68515pt too wide) detected at line 409
[]\eighttt fill(picture,path)[] 

\hbox(5.55556+1.77777)x231.26378
.\vbox(5.55556+1.55556)x173.44783
..\hbox(5.55556+1.55556)x173.44783, glue set 95.05087fil
...\hbox(0.0+0.0)x0.0
...\glue 0.0
...\eightrm ^^L (ligature fi)
...\eightrm l
...\eightrm l
...etc.
.\eighttt f
.\eighttt i
.\eighttt l
.\eighttt l
.etc.


Overfull \hbox (22.93521pt too wide) detected at line 412
[]\eighttt label(Label,pair,z)[] 

\hbox(5.55556+1.77777)x231.26378
.\vbox(5.55556+1.55556)x173.44783
..\hbox(5.55556+1.55556)x173.44783, glue set 24.21652fil
...\hbox(0.0+0.0)x0.0
...\glue 0.0
...\eightrm l
...\eightrm a
...\eightrm b
...etc.
.\eighttt l
.\eighttt a
.\eighttt b
.\eighttt e
.etc.


Overfull \hbox (22.93521pt too wide) detected at line 413
[]\eighttt label(Label,path,z)[] 

\hbox(5.55556+1.77777)x231.26378
.\vbox(5.55556+1.55556)x173.44783
..\hbox(5.55556+1.55556)x173.44783, glue set 21.86232fil
...\hbox(0.0+0.0)x0.0
...\glue 0.0
...\eightrm l
...\eightrm a
...\eightrm b
...etc.
.\eighttt l
.\eighttt a
.\eighttt b
.\eighttt e
.etc.


Overfull \hbox (27.18527pt too wide) detected at line 414
[]\eighttt label(picture,Label)[] 

\hbox(5.55556+1.77777)x231.26378
.\vbox(5.55556+1.55556)x173.44783
..\hbox(5.55556+1.55556)x173.44783, glue set 91.50916fil
...\hbox(0.0+0.0)x0.0
...\glue 0.0
...\eightrm a
...\eightrm d
...\eightrm d
...etc.
.\eighttt l
.\eighttt a
.\eighttt b
.\eighttt e
.etc.


Overfull \hbox (1.6849pt too wide) detected at line 418
[]\eighttt clip(path,pen)[] 

\hbox(5.55556+1.77777)x231.26378
.\vbox(5.55556+1.55556)x173.44783
..\hbox(5.55556+1.55556)x173.44783, glue set 72.85611fil
...\hbox(0.0+0.0)x0.0
...\glue 0.0
...\eightrm c
...\eightrm l
...\eightrm i
...etc.
.\eighttt c
.\eighttt l
.\eighttt i
.\eighttt p
.etc.


Overfull \hbox (18.68515pt too wide) detected at line 419
[]\eighttt clip(picture,path)[] 

\hbox(5.55556+1.77777)x231.26378
.\vbox(5.55556+1.55556)x173.44783
..\hbox(5.55556+1.55556)x173.44783, glue set 92.68973fil
...\hbox(0.0+0.0)x0.0
...\glue 0.0
...\eightrm c
...\eightrm l
...\eightrm i
...etc.
.\eighttt c
.\eighttt l
.\eighttt i
.\eighttt p
.etc.


Overfull \hbox (1.6849pt too wide) detected at line 438
[]\eighttt longdashdotted[] 

\hbox(5.55556+1.77777)x231.26378
.\vbox(5.55556+1.55556)x173.44783
..\hbox(5.55556+1.55556)x173.44783, glue set 86.27435fil
...\hbox(0.0+0.0)x0.0
...\glue 0.0
...\eightrm l
...\eightrm o
...\eightrm n
...etc.
.\eighttt l
.\eighttt o
.\eighttt n
.\eighttt g
.etc.


Overfull \hbox (10.18503pt too wide) detected at line 445
[]\eighttt miterlimit(real)[] 

\hbox(5.55556+1.55556)x231.26378
.\vbox(5.55556+1.55556)x173.44783
..\hbox(5.55556+1.55556)x173.44783, glue set 89.14801fil
...\hbox(0.0+0.0)x0.0
...\glue 0.0
...\eightrm p
...\kern0.23611
...\eightrm e
...etc.
.\eighttt m
.\eighttt i
.\eighttt t
.\eighttt e
.etc.


Overfull \hbox (1.6849pt too wide) detected at line 450
[]\eighttt fontsize(real)[] 

\hbox(6.0+2.0)x231.26378
.\vbox(6.0+2.0)x173.44783
..\hbox(6.0+2.0)x173.44783, glue set 81.07983fil
...\hbox(0.0+0.0)x0.0
...\glue 0.0
...\eightrm p
...\kern0.23611
...\eightrm e
...etc.
.\eighttt f
.\eighttt o
.\eighttt n
.\eighttt t
.etc.


Overfull \hbox (14.43509pt too wide) detected at line 453
[]\eighttt font(string,real)[] 

\hbox(5.55556+1.77777)x231.26378
.\vbox(5.55556+1.72221)x173.44783
..\hbox(5.55556+1.72221)x173.44783, glue set 107.77356fil
...\hbox(0.0+0.0)x0.0
...\glue 0.0
...\eightrm s
...\eightrm c
...\eightrm a
...etc.
.\eighttt f
.\eighttt o
.\eighttt n
.\eighttt t
.etc.


Overfull \hbox (31.43533pt too wide) detected at line 454
[]\eighttt Courier(series,shape)[] 

\hbox(5.55556+1.77777)x231.26378
.\vbox(5.55556+1.55556)x173.44783
..\hbox(5.55556+1.55556)x173.44783, glue set 61.25316fil
...\hbox(0.0+0.0)x0.0
...\glue 0.0
...\eightrm P
...\kern-0.23611
...\eightrm o
...etc.
.\eighttt C
.\eighttt o
.\eighttt u
.\eighttt r
.etc.


Overfull \hbox (27.18527pt too wide) detected at line 464
[]\eighttt piecewisestraight(p)[] 

\hbox(5.55556+1.77777)x231.26378
.\vbox(5.55556+1.77777)x173.44783
..\hbox(5.55556+1.77777)x173.44783, glue set 96.84534fil
...\hbox(0.0+0.0)x0.0
...\glue 0.0
...\eightrm i
...\eightrm s
...\glue 2.83337 plus 1.41669 minus 0.94446
...etc.
.\eighttt p
.\eighttt i
.\eighttt e
.\eighttt c
.etc.


Overfull \hbox (5.93497pt too wide) detected at line 471
[]\eighttt precontrol(p,t)[] 

\hbox(5.55556+1.77777)x231.26378
.\vbox(5.55556+1.77777)x173.44783
..\hbox(5.55556+1.77777)x173.44783, glue set 31.76524fil
...\hbox(0.0+0.0)x0.0
...\glue 0.0
...\eightrm p
...\eightrm r
...\eightrm e
...etc.
.\eighttt p
.\eighttt r
.\eighttt e
.\eighttt c
.etc.


Overfull \hbox (10.18503pt too wide) detected at line 472
[]\eighttt postcontrol(p,t)[] 

\hbox(5.55556+1.77777)x231.26378
.\vbox(5.55556+1.77777)x173.44783
..\hbox(5.55556+1.77777)x173.44783, glue set 27.71101fil
...\hbox(0.0+0.0)x0.0
...\glue 0.0
...\eightrm p
...\kern0.23611
...\eightrm o
...etc.
.\eighttt p
.\eighttt o
.\eighttt s
.\eighttt t
.etc.


Overfull \hbox (1.6849pt too wide) detected at line 481
[]\eighttt subpath(p,a,b)[] 

\hbox(5.55556+1.77777)x231.26378
.\vbox(5.55556+1.77777)x173.44783
..\hbox(5.55556+1.77777)x173.44783, glue set 32.1569fil
...\hbox(0.0+0.0)x0.0
...\glue 0.0
...\eightrm s
...\eightrm u
...\eightrm b
...etc.
.\eighttt s
.\eighttt u
.\eighttt b
.\eighttt p
.etc.


Overfull \hbox (1.6849pt too wide) detected at line 482
[]\eighttt intersect(p,q)[] 

\hbox(5.55556+1.77777)x231.26378
.\vbox(5.55556+1.77777)x173.44783
..\hbox(5.55556+1.77777)x173.44783, glue set 7.30377fil
...\hbox(0.0+0.0)x0.0
...\glue 0.0
...\eightrm t
...\eightrm i
...\eightrm m
...etc.
.\eighttt i
.\eighttt n
.\eighttt t
.\eighttt e
.etc.


Overfull \hbox (18.68515pt too wide) detected at line 485
[]\eighttt intersections(p,q)[] 

\hbox(5.55556+1.77777)x231.26378
.\vbox(5.55556+1.77777)x173.44783
..\hbox(5.55556+1.77777)x173.44783, glue set 35.88057fil
...\hbox(0.0+0.0)x0.0
...\glue 0.0
...\eightrm i
...\eightrm n
...\kern-0.23611
...etc.
.\eighttt i
.\eighttt n
.\eighttt t
.\eighttt e
.etc.


Overfull \hbox (27.18527pt too wide) detected at line 486
[]\eighttt intersections(p,a,b)[] 

\hbox(5.55556+1.77777)x231.26378
.\vbox(5.55556+1.77777)x173.44783
..\hbox(5.55556+1.77777)x173.44783, glue set 23.13039fil
...\hbox(0.0+0.0)x0.0
...\glue 0.0
...\eightrm i
...\eightrm n
...\kern-0.23611
...etc.
.\eighttt i
.\eighttt n
.\eighttt t
.\eighttt e
.etc.


Overfull \hbox (35.6854pt too wide) detected at line 489
[]\eighttt intersectionpoint(p,q)[] 

\hbox(5.55556+1.77777)x231.26378
.\vbox(5.55556+1.77777)x173.44783
..\hbox(5.55556+1.77777)x173.44783, glue set 36.40002fil
...\hbox(0.0+0.0)x0.0
...\glue 0.0
...\eightrm i
...\eightrm n
...\kern-0.23611
...etc.
.\eighttt i
.\eighttt n
.\eighttt t
.\eighttt e
.etc.


Overfull \hbox (39.93546pt too wide) detected at line 490
[]\eighttt intersectionpoints(p,q)[] 

\hbox(5.55556+1.77777)x231.26378
.\vbox(5.55556+1.77777)x173.44783
..\hbox(5.55556+1.77777)x173.44783, glue set 56.23364fil
...\hbox(0.0+0.0)x0.0
...\glue 0.0
...\eightrm i
...\eightrm n
...\kern-0.23611
...etc.
.\eighttt i
.\eighttt n
.\eighttt t
.\eighttt e
.etc.


Overfull \hbox (18.68515pt too wide) detected at line 491
[]\eighttt extension(P,Q,p,q)[] 

\hbox(5.55556+1.77777)x231.26378
.\vbox(5.55556+1.77777)x173.44783
..\hbox(5.55556+1.77777)x173.44783, glue set 9.01074fil
...\hbox(0.0+0.0)x0.0
...\glue 0.0
...\eightrm i
...\eightrm n
...\kern-0.23611
...etc.
.\eighttt e
.\eighttt x
.\eighttt t
.\eighttt e
.etc.


Overfull \hbox (1.6849pt too wide) detected at line 494
[]\eighttt cut(p,knife,n)[] 

\hbox(5.55556+1.77777)x231.26378
.\vbox(5.55556+1.77777)x173.44783
..\hbox(5.55556+1.77777)x173.44783, glue set 19.86877fil
...\hbox(0.0+0.0)x0.0
...\glue 0.0
...\eightrm s
...\eightrm u
...\eightrm b
...etc.
.\eighttt c
.\eighttt u
.\eighttt t
.\eighttt (
.etc.


Overfull \hbox (18.68515pt too wide) detected at line 495
[]\eighttt windingnumber(p,z)[] 

\hbox(5.55556+1.77777)x231.26378
.\vbox(5.55556+1.77777)x173.44783
..\hbox(5.55556+1.77777)x173.44783, glue set 19.25117fil
...\hbox(0.0+0.0)x0.0
...\glue 0.0
...\eightrm w
...\eightrm i
...\eightrm n
...etc.
.\eighttt w
.\eighttt i
.\eighttt n
.\eighttt d
.etc.


Overfull \hbox (4.51828pt too wide) detected at line 498
[]\eighttt buildcycle($[] $)[] 

\hbox(5.55556+1.77777)x231.26378
.\vbox(5.55556+1.55556)x173.44783
..\hbox(5.55556+1.55556)x173.44783, glue set 5.45514fil
...\hbox(0.0+0.0)x0.0
...\glue 0.0
...\eightrm p
...\eightrm a
...\eightrm t
...etc.
.\eighttt b
.\eighttt u
.\eighttt i
.\eighttt l
.etc.


Overfull \hbox (5.93497pt too wide) detected at line 499
[]\eighttt strokepath(g,p)[] 

\hbox(5.55556+1.77777)x231.26378
.\vbox(5.55556+1.77777)x173.44783
..\hbox(5.55556+1.77777)x173.44783, glue set 74.27974fil
...\hbox(0.0+0.0)x0.0
...\glue 0.0
...\eightrm p
...\eightrm a
...\eightrm t
...etc.
.\eighttt s
.\eighttt t
.\eighttt r
.\eighttt o
.etc.

[2]
Overfull \hbox (10.18503pt too wide) detected at line 513
[]\eighttt shift(real,real)[] 

\hbox(5.55556+1.55556)x231.26378
.\vbox(5.55556+1.55556)x173.44783
..\hbox(5.55556+1.55556)x173.44783, glue set 111.49138fil
...\hbox(0.0+0.0)x0.0
...\glue 0.0
...\eightrm s
...\eightrm h
...\eightrm i
...etc.
.\eighttt s
.\eighttt h
.\eighttt i
.\eighttt f
.etc.


Overfull \hbox (31.43533pt too wide) detected at line 520
[]\eighttt rotate(angle,z=(0,0))[] 

\hbox(5.55556+1.77777)x231.26378
.\vbox(5.55556+1.77777)x173.44783
..\hbox(5.55556+1.77777)x173.44783, glue set 1.71759fil
...\hbox(0.0+0.0)x0.0
...\glue 0.0
...\eightrm r
...\eightrm o
...\eightrm t
...etc.
.\eighttt r
.\eighttt o
.\eighttt t
.\eighttt a
.etc.


Overfull \hbox (1.6849pt too wide) detected at line 525
[]\eighttt length(string)[] 

\hbox(5.55556+1.77777)x231.26378
.\vbox(5.55556+1.55556)x173.44783
..\hbox(5.55556+1.55556)x173.44783, glue set 117.67064fil
...\hbox(0.0+0.0)x0.0
...\glue 0.0
...\eightrm s
...\eightrm t
...\eightrm r
...etc.
.\eighttt l
.\eighttt e
.\eighttt n
.\eighttt g
.etc.


Overfull \hbox (5.93497pt too wide) detected at line 526
[]\eighttt find(s,t,pos=0)[] 

\hbox(5.55556+1.77777)x231.26378
.\vbox(5.55556+1.77777)x173.44783
..\hbox(5.55556+1.77777)x173.44783, glue set 10.42049fil
...\hbox(0.0+0.0)x0.0
...\glue 0.0
...\eightrm p
...\kern0.23611
...\eightrm o
...etc.
.\eighttt f
.\eighttt i
.\eighttt n
.\eighttt d
.etc.


Overfull \hbox (14.43509pt too wide) detected at line 527
[]\eighttt rfind(s,t,pos=-1)[] 

\hbox(5.55556+1.77777)x231.26378
.\vbox(5.55556+1.77777)x173.44783
..\hbox(5.55556+1.77777)x173.44783, glue set 11.84412fil
...\hbox(0.0+0.0)x0.0
...\glue 0.0
...\eightrm p
...\kern0.23611
...\eightrm o
...etc.
.\eighttt r
.\eighttt f
.\eighttt i
.\eighttt n
.etc.


Overfull \hbox (5.93497pt too wide) detected at line 528
[]\eighttt insert(s,pos,t)[] 

\hbox(5.55556+1.77777)x231.26378
.\vbox(5.55556+1.77777)x173.44783
..\hbox(5.55556+1.77777)x173.44783, glue set 42.05983fil
...\hbox(0.0+0.0)x0.0
...\glue 0.0
...\eightrm s
...\eightrm t
...\eightrm r
...etc.
.\eighttt i
.\eighttt n
.\eighttt s
.\eighttt e
.etc.


Overfull \hbox (1.6849pt too wide) detected at line 529
[]\eighttt erase(s,pos,n)[] 

\hbox(5.55556+1.77777)x231.26378
.\vbox(5.55556+1.77777)x173.44783
..\hbox(5.55556+1.77777)x173.44783, glue set 17.67892fil
...\hbox(0.0+0.0)x0.0
...\glue 0.0
...\eightrm s
...\eightrm t
...\eightrm r
...etc.
.\eighttt e
.\eighttt r
.\eighttt a
.\eighttt s
.etc.


Overfull \hbox (5.93497pt too wide) detected at line 530
[]\eighttt substr(s,pos,n)[] 

\hbox(5.55556+1.77777)x231.26378
.\vbox(5.55556+1.77777)x173.44783
..\hbox(5.55556+1.77777)x173.44783, glue set 21.23453fil
...\hbox(0.0+0.0)x0.0
...\glue 0.0
...\eightrm s
...\eightrm u
...\eightrm b
...etc.
.\eighttt s
.\eighttt u
.\eighttt b
.\eighttt s
.etc.


Overfull \hbox (39.93546pt too wide) detected at line 532
[]\eighttt replace(s,before,after)[] 

\hbox(5.55556+1.77777)x231.26378
.\vbox(5.55556+1.55556)x173.44783
..\hbox(5.55556+1.55556)x173.44783, glue set 21.57204fil
...\hbox(0.0+0.0)x0.0
...\glue 0.0
...\eightrm s
...\eightrm t
...\eightrm r
...etc.
.\eighttt r
.\eighttt e
.\eighttt p
.\eighttt l
.etc.


Overfull \hbox (0.20467pt too wide) in paragraph at lines 534--534
[] \eightrm string \eighttt s \eightrm trans-lated via \eighttt {{before,after}
,$[] $}  

\hbox(5.55556+1.55556)x173.44783, glue set - 1.0
.\hbox(0.0+0.0)x0.0
.\glue 0.0
.\eightrm s
.\eightrm t
.\eightrm r
.etc.


Overfull \hbox (61.18576pt too wide) detected at line 534
[]\eighttt replace(s,string [][] table)[] 

\hbox(5.55556+1.77777)x231.26378
.\vbox(5.55556+1.55556)x173.44783
..\hbox(5.55556+1.55556)x173.44783, glue set - 1.0
...\hbox(0.0+0.0)x0.0
...\glue 0.0
...\eightrm s
...\eightrm t
...\eightrm r
...etc.
.\eighttt r
.\eighttt e
.\eighttt p
.\eighttt l
.etc.


Overfull \hbox (56.9357pt too wide) detected at line 537
[]\eighttt string(x,digits=realDigits)[] 

\hbox(5.55556+1.77777)x231.26378
.\vbox(5.36508+1.77777)x173.44783
..\hbox(5.36508+1.77777)x173.44783, glue set 19.25116fil
...\hbox(0.0+0.0)x0.0
...\glue 0.0
...\eightrm c
...\eightrm a
...\eightrm s
...etc.
.\eighttt s
.\eighttt t
.\eighttt r
.\eighttt i
.etc.


Overfull \hbox (78.186pt too wide) detected at line 538
[]\eighttt time(format="%a %b %d %T %Z %Y")[] 

\hbox(5.55556+1.55556)x231.26378
.\vbox(5.55556+1.55556)x173.44783
..\hbox(5.55556+1.55556)x173.44783, glue set 39.31396fil
...\hbox(0.0+0.0)x0.0
...\glue 0.0
...\eightrm c
...\eightrm u
...\eightrm r
...etc.
.\eighttt t
.\eighttt i
.\eighttt m
.\eighttt e
.etc.


Overfull \hbox (14.43509pt too wide) detected at line 539
[]\eighttt seconds(t,format)[] 

\hbox(5.55556+1.55556)x231.26378
.\vbox(5.55556+1.55556)x173.44783
..\hbox(5.55556+1.55556)x173.44783, glue set 16.23584fil
...\hbox(0.0+0.0)x0.0
...\glue 0.0
...\eightrm t
...\eightrm i
...\eightrm m
...etc.
.\eighttt s
.\eighttt e
.\eighttt c
.\eighttt o
.etc.


Overfull \hbox (27.18527pt too wide) detected at line 540
[]\eighttt time(seconds,format)[] 

\hbox(5.55556+1.55556)x231.26378
.\vbox(5.55556+1.55556)x173.44783
..\hbox(5.55556+1.55556)x173.44783, glue set - 0.95482
...\hbox(0.0+0.0)x0.0
...\glue 0.0
...\eightrm s
...\eightrm t
...\eightrm r
...etc.
.\eighttt t
.\eighttt i
.\eighttt m
.\eighttt e
.etc.


Overfull \hbox (31.43533pt too wide) detected at line 541
[]\eighttt split(s,delimiter="")[] 

\hbox(5.55556+1.77777)x231.26378
.\vbox(5.55556+1.55556)x173.44783
..\hbox(5.55556+1.55556)x173.44783, glue set 5.83986fil
...\hbox(0.0+0.0)x0.0
...\glue 0.0
...\eightrm s
...\eightrm p
...\eightrm l
...etc.
.\eighttt s
.\eighttt p
.\eighttt l
.\eighttt i
.etc.

[3] )
Output written on asyRefCard.dvi (3 pages, 17796 bytes).
